<?xml version="1.0" encoding="UTF-8"?>
<!-- Generated by org.testng.reporters.JUnitReportReporter -->
<testsuite hostname="Srikanth" failures="0" tests="1" name="tutorialsNinja.Qa.TestCases.Readproperties" time="8.407" errors="0" timestamp="2024-06-19T11:00:04 IST" skipped="0">
  <testcase classname="tutorialsNinja.Qa.TestCases.Readproperties" name="sampleTest" time="8.407"/>
</testsuite> <!-- tutorialsNinja.Qa.TestCases.Readproperties -->
