<?xml version="1.0" encoding="UTF-8"?>
<!-- Generated by org.testng.reporters.JUnitReportReporter -->
<testsuite hostname="Srikanth" failures="0" tests="1" name="tutorialsNinja.Qa.TestCases.Search" time="10.947" errors="0" timestamp="2024-06-20T00:24:24 IST" skipped="0">
  <testcase classname="tutorialsNinja.Qa.TestCases.Search" name="verifySearchWithoutgivinganydatainsearchbox" time="10.947"/>
</testsuite> <!-- tutorialsNinja.Qa.TestCases.Search -->
