<?xml version="1.0" encoding="UTF-8"?>
<!-- Generated by org.testng.reporters.JUnitReportReporter -->
<testsuite hostname="Srikanth" failures="0" tests="1" name="tutorialNinjaProject.QA.Base.BaseClass" time="0.025" errors="0" timestamp="2024-06-19T11:18:32 IST" skipped="0">
  <testcase classname="tutorialNinjaProject.QA.Base.BaseClass" name="loadpropertiesFile" time="0.025"/>
</testsuite> <!-- tutorialNinjaProject.QA.Base.BaseClass -->
