<?xml version="1.0" encoding="UTF-8"?>
<!-- Generated by org.testng.reporters.JUnitReportReporter -->
<testsuite hostname="Srikanth" failures="0" tests="1" name="tutorialsNinja.Qa.TestCases.Regrister" time="7.900" errors="0" timestamp="2024-06-20T09:36:32 IST" skipped="0">
  <testcase classname="tutorialsNinja.Qa.TestCases.Regrister" name="verifyDifferentpasswords" time="7.900"/>
</testsuite> <!-- tutorialsNinja.Qa.TestCases.Regrister -->
